<?xml version="1.0" encoding="UTF-8"?>
<!-- Generated by org.testng.reporters.JUnitReportReporter -->
<testsuite skipped="0" hostname="lenovo" name="test.LoginPageTest" tests="2" failures="0" timestamp="2020-03-11T20:55:32 EET" time="9.190" errors="0">
  <testcase name="testLoginMissingPassword" time="4.776" classname="test.LoginPageTest"/>
  <system-out/>
  <testcase name="testLoginWithIncorrectPassword" time="4.414" classname="test.LoginPageTest"/>
  <system-out/>
</testsuite> <!-- test.LoginPageTest -->
