<?xml version="1.0" encoding="UTF-8"?>
<!-- Generated by org.testng.reporters.JUnitReportReporter -->
<testsuite skipped="0" hostname="lenovo" name="test.Test99GuruLoginWithPageFactory" tests="1" failures="0" timestamp="2020-03-18T13:34:54 EET" time="5.484" errors="0">
  <testcase name="test_Home_Page_Appear_Correct" time="5.484" classname="test.Test99GuruLoginWithPageFactory"/>
  <system-out/>
</testsuite> <!-- test.Test99GuruLoginWithPageFactory -->
