<?xml version="1.0" encoding="UTF-8"?>
<!-- Generated by org.testng.reporters.JUnitReportReporter -->
<testsuite skipped="0" hostname="lenovo" name="test.LoginPageTest" tests="6" failures="0" timestamp="2020-03-17T21:09:13 EET" time="30.242" errors="0">
  <testcase name="testLoginWithInvalidData" time="2.395" classname="test.LoginPageTest"/>
  <system-out/>
  <testcase name="testLoginWithInvalidData" time="3.437" classname="test.LoginPageTest"/>
  <system-out/>
  <testcase name="testLoginWithInvalidData" time="3.049" classname="test.LoginPageTest"/>
  <system-out/>
  <testcase name="testLoginWithInvalidData" time="2.290" classname="test.LoginPageTest"/>
  <system-out/>
  <testcase name="testLoginWithValidData" time="17.748" classname="test.LoginPageTest"/>
  <system-out/>
  <testcase name="testIdPatternAfterLogin" time="1.323" classname="test.LoginPageTest"/>
  <system-out/>
</testsuite> <!-- test.LoginPageTest -->
