<?xml version="1.0" encoding="UTF-8"?>
<!-- Generated by org.testng.reporters.JUnitReportReporter -->
<testsuite skipped="0" hostname="lenovo" name="test.LoginPageTestWithPageFactory" tests="7" failures="0" timestamp="2020-03-18T14:45:55 EET" time="26.665" errors="0">
  <testcase name="testLoginWithInvalidData" time="6.756" classname="test.LoginPageTestWithPageFactory"/>
  <system-out/>
  <testcase name="testLoginWithInvalidData" time="2.088" classname="test.LoginPageTestWithPageFactory"/>
  <system-out/>
  <testcase name="testLoginWithInvalidData" time="2.387" classname="test.LoginPageTestWithPageFactory"/>
  <system-out/>
  <testcase name="testLoginWithInvalidData" time="1.451" classname="test.LoginPageTestWithPageFactory"/>
  <system-out/>
  <testcase name="testLoginWithValidData" time="12.834" classname="test.LoginPageTestWithPageFactory"/>
  <system-out/>
  <testcase name="testIdPatternAfterLogin" time="0.945" classname="test.LoginPageTestWithPageFactory"/>
  <system-out/>
  <testcase name="testHomePageAppearCorrect" time="0.204" classname="test.LoginPageTestWithPageFactory"/>
  <system-out/>
</testsuite> <!-- test.LoginPageTestWithPageFactory -->
