<?xml version="1.0" encoding="UTF-8"?>
<!-- Generated by org.testng.reporters.JUnitReportReporter -->
<testsuite skipped="0" hostname="lenovo" name="test.SearchTest" tests="1" failures="0" timestamp="2020-03-11T20:55:32 EET" time="3.230" errors="0">
  <testcase name="testCheckItemsInStock" time="3.230" classname="test.SearchTest"/>
  <system-out/>
</testsuite> <!-- test.SearchTest -->
