<?xml version="1.0" encoding="UTF-8"?>
<!-- Generated by org.testng.reporters.JUnitReportReporter -->
<testsuite skipped="0" hostname="lenovo" name="test.ContactUsTest" tests="1" failures="0" timestamp="2020-03-11T20:55:32 EET" time="5.868" errors="0">
  <testcase name="testContactUs" time="5.868" classname="test.ContactUsTest"/>
  <system-out/>
</testsuite> <!-- test.ContactUsTest -->
