<?xml version="1.0" encoding="UTF-8"?>
<!-- Generated by org.testng.reporters.JUnitReportReporter -->
<testsuite skipped="0" hostname="lenovo" name="test.HomePageTest" tests="1" failures="0" timestamp="2020-03-11T20:55:32 EET" time="0.349" errors="0">
  <testcase name="checkHomePageItemsCount" time="0.349" classname="test.HomePageTest"/>
  <system-out/>
</testsuite> <!-- test.HomePageTest -->
