<?xml version="1.0" encoding="UTF-8"?>
<!-- Generated by org.testng.reporters.JUnitReportReporter -->
<testsuite skipped="0" hostname="lenovo" name="test.HomePageTest" tests="1" failures="0" timestamp="2020-03-20T15:21:21 EET" time="0.215" errors="0">
  <testcase name="verifyTitleHomePage" time="0.215" classname="test.HomePageTest"/>
  <system-out/>
</testsuite> <!-- test.HomePageTest -->
