<?xml version="1.0" encoding="UTF-8"?>
<!-- Generated by org.testng.reporters.JUnitReportReporter -->
<testsuite skipped="0" hostname="lenovo" name="test.MobilePageTest" tests="3" failures="0" timestamp="2020-03-25T19:39:22 EET" time="34.909" errors="0">
  <testcase name="verifyAllProductsSortedByName" time="18.680" classname="test.MobilePageTest"/>
  <system-out/>
  <testcase name="verifyCostOfProductInListAndDetalisEqual" time="8.762" classname="test.MobilePageTest"/>
  <system-out/>
  <testcase name="verifyCompareTwoProducts" time="7.467" classname="test.MobilePageTest"/>
  <system-out/>
</testsuite> <!-- test.MobilePageTest -->
