<?xml version="1.0" encoding="UTF-8"?>
<!-- Generated by org.testng.reporters.JUnitReportReporter -->
<testsuite skipped="0" hostname="lenovo" name="test.HomePageTest" tests="1" failures="0" timestamp="2020-03-19T19:25:30 EET" time="0.373" errors="0">
  <testcase name="verifyHomePageTitle" time="0.373" classname="test.HomePageTest"/>
  <system-out/>
</testsuite> <!-- test.HomePageTest -->
