<?xml version="1.0" encoding="UTF-8"?>
<!-- Generated by org.testng.reporters.JUnitReportReporter -->
<testsuite skipped="0" hostname="lenovo" name="test.ShoppingCartPageTest" tests="1" failures="0" timestamp="2020-03-23T16:33:36 EET" time="8.024" errors="0">
  <testcase name="VerifyCantAddProductInCartThanAvailableInStore" time="8.024" classname="test.ShoppingCartPageTest"/>
  <system-out/>
</testsuite> <!-- test.ShoppingCartPageTest -->
