<?xml version="1.0" encoding="UTF-8"?>
<!-- Generated by org.testng.reporters.JUnitReportReporter -->
<testsuite skipped="0" hostname="lenovo" name="test.ShoppingCartPageTest" tests="1" failures="0" timestamp="2020-03-25T19:39:21 EET" time="9.253" errors="0">
  <testcase name="VerifyCantAddProductInCartThanAvailableInStore" time="9.253" classname="test.ShoppingCartPageTest"/>
  <system-out/>
</testsuite> <!-- test.ShoppingCartPageTest -->
