<?xml version="1.0" encoding="UTF-8"?>
<!-- Generated by org.testng.reporters.JUnitReportReporter -->
<testsuite skipped="0" hostname="lenovo" name="test.HomePageTest" tests="1" failures="0" timestamp="2020-03-23T16:11:06 EET" time="0.266" errors="0">
  <testcase name="verifyTitleHomePage" time="0.266" classname="test.HomePageTest"/>
  <system-out/>
</testsuite> <!-- test.HomePageTest -->
