<?xml version="1.0" encoding="UTF-8"?>
<!-- Generated by org.testng.reporters.JUnitReportReporter -->
<testsuite skipped="0" hostname="lenovo" name="test.CreatAccountPageTest" tests="1" failures="0" timestamp="2020-03-25T19:39:22 EET" time="54.633" errors="0">
  <testcase name="VerifyCreateAccountAndShareWishList" time="54.633" classname="test.CreatAccountPageTest"/>
  <system-out/>
</testsuite> <!-- test.CreatAccountPageTest -->
