<?xml version="1.0" encoding="UTF-8"?>
<!-- Generated by org.testng.reporters.JUnitReportReporter -->
<testsuite skipped="0" hostname="lenovo" name="test.MobilePageTest" tests="2" failures="0" timestamp="2020-03-20T15:21:21 EET" time="10.308" errors="0">
  <testcase name="verifyAllProductsSortedByName" time="2.778" classname="test.MobilePageTest"/>
  <system-out/>
  <testcase name="verifyCostOfProductInListAndDetalisEqual" time="7.530" classname="test.MobilePageTest"/>
  <system-out/>
</testsuite> <!-- test.MobilePageTest -->
