<?xml version="1.0" encoding="UTF-8"?>
<!-- Generated by org.testng.reporters.JUnitReportReporter -->
<testsuite skipped="0" hostname="lenovo" name="test.MobilePageTest" tests="3" failures="0" timestamp="2020-03-23T16:33:36 EET" time="13.792" errors="0">
  <testcase name="verifyAllProductsSortedByName" time="3.248" classname="test.MobilePageTest"/>
  <system-out/>
  <testcase name="verifyCostOfProductInListAndDetalisEqual" time="3.662" classname="test.MobilePageTest"/>
  <system-out/>
  <testcase name="verifyCompareTwoProducts" time="6.882" classname="test.MobilePageTest"/>
  <system-out/>
</testsuite> <!-- test.MobilePageTest -->
