<?xml version="1.0" encoding="UTF-8"?>
<!-- Generated by org.testng.reporters.JUnitReportReporter -->
<testsuite skipped="0" hostname="lenovo" name="test.MobilePageTest" tests="2" failures="0" timestamp="2020-03-20T00:05:08 EET" time="61.702" errors="0">
  <testcase name="verifyAllProductsSortedByName" time="31.724" classname="test.MobilePageTest"/>
  <system-out/>
  <testcase name="verifyCostOfProductInListAndDetalisEqual" time="29.978" classname="test.MobilePageTest"/>
  <system-out/>
</testsuite> <!-- test.MobilePageTest -->
